<?xml version="1.0" encoding="UTF-8"?>
<!-- Generated by org.testng.reporters.JUnitXMLReporter -->
<testsuite ignored="0" hostname="BBL8P644F3" failures="0" tests="6" name=" TT1" time="19.708" errors="0" timestamp="2022-11-05T01:12:52 EDT">
  <testcase classname="pkg.GridTest2" name="raja" time="5.176"/>
  <testcase classname="pkg.GridTest1" name="rani" time="7.289"/>
  <testcase classname="pkg.GridTest3" name="mantri" time="6.018"/>
  <testcase classname="pkg.GridTest4" name="chor" time="4.962"/>
  <testcase classname="pkg.GridTest5" name="sipahi" time="4.643"/>
  <testcase classname="pkg.GridTest6" name="khel" time="7.428"/>
</testsuite> <!--  TT1 -->
